<?xml version="1.0" encoding="UTF-8"?>
<testng-results total="2" passed="2" failed="0" skipped="0">
  <reporter-output>
  </reporter-output>
  <suite started-at="2022-03-15T14:53:06Z" name="Default suite" finished-at="2022-03-15T14:53:20Z" duration-ms="13440">
    <groups>
    </groups>
    <test started-at="2022-03-15T14:53:06Z" name="Default test" finished-at="2022-03-15T14:53:20Z" duration-ms="13440">
      <class name="resttesting.E_commerce">
        <test-method signature="signup()[pri:0, instance:resttesting.E_commerce@75d2da2d]" started-at="2022-03-15T20:23:06Z" name="signup" finished-at="2022-03-15T20:23:15Z" duration-ms="8990" status="PASS">
          <reporter-output>
          </reporter-output>
        </test-method> <!-- signup -->
        <test-method signature="Login()[pri:1, instance:resttesting.E_commerce@75d2da2d]" started-at="2022-03-15T20:23:15Z" name="Login" finished-at="2022-03-15T20:23:20Z" duration-ms="4430" status="PASS">
          <reporter-output>
          </reporter-output>
        </test-method> <!-- Login -->
      </class> <!-- resttesting.E_commerce -->
    </test> <!-- Default test -->
  </suite> <!-- Default suite -->
</testng-results>
